<?xml version="1.0" encoding="UTF-8"?>
<!-- Generated by org.testng.reporters.JUnitXMLReporter -->
<testsuite ignored="0" hostname="cccabfdaefdafddfddddfccbccdbcaaeaa-0" failures="2" tests="3" name="Simple Test" time="7.988" errors="0" timestamp="2023-08-05T13:16:32 UTC">
  <testcase classname="com.example.FirstTest" name="testcase_1" time="2.179"/>
  <testcase classname="com.example.FirstTest" name="testcase_2" time="0.954">
    <failure type="java.lang.AssertionError" message="Text is not as expected expected [Dropped!] but found [Drop here]">
      <![CDATA[java.lang.AssertionError: Text is not as expected expected [Dropped!] but found [Drop here]
at com.example.FirstTest.testcase_2(FirstTest.java:47)
at java.base/java.util.ArrayList.forEach(ArrayList.java:1541)
... Removed 36 stack frames]]>
    </failure>
  </testcase> <!-- testcase_2 -->
  <testcase classname="com.example.FirstTest" name="testcase_3" time="0.717">
    <failure type="java.lang.AssertionError" message="Color is not as expected expected [rgb(255, 250, 144)] but found [rgb(233, 233, 233)]">
      <![CDATA[java.lang.AssertionError: Color is not as expected expected [rgb(255, 250, 144)] but found [rgb(233, 233, 233)]
at com.example.FirstTest.testcase_3(FirstTest.java:60)
at java.base/java.util.ArrayList.forEach(ArrayList.java:1541)
... Removed 36 stack frames]]>
    </failure>
  </testcase> <!-- testcase_3 -->
</testsuite> <!-- Simple Test -->
