<?xml version="1.0" encoding="UTF-8"?>
<!-- Generated by org.testng.reporters.JUnitXMLReporter -->
<testsuite ignored="0" hostname="cccabfdaefdafddfddddfccbccdbcaaeaa-0" failures="0" tests="3" name="Simple Test" time="7.955" errors="0" timestamp="2023-08-05T13:23:04 UTC">
  <testcase classname="com.example.FirstTest" name="testcase_1" time="2.217"/>
  <testcase classname="com.example.FirstTest" name="testcase_2" time="0.869"/>
  <testcase classname="com.example.FirstTest" name="testcase_3" time="0.529"/>
</testsuite> <!-- Simple Test -->
