<?xml version="1.0" encoding="UTF-8"?>
<testng-results ignored="0" total="3" passed="3" failed="0" skipped="0">
  <reporter-output>
  </reporter-output>
  <suite started-at="2023-08-05T13:21:39 UTC" name="Example test run" finished-at="2023-08-05T13:21:47 UTC" duration-ms="7819">
    <groups>
    </groups>
    <test started-at="2023-08-05T13:21:39 UTC" name="Simple Test" finished-at="2023-08-05T13:21:47 UTC" duration-ms="7819">
      <class name="com.example.FirstTest">
        <test-method is-config="true" signature="beforeTest()[pri:0, instance:com.example.FirstTest@32eff876]" started-at="2023-08-05T13:21:39 UTC" name="beforeTest" finished-at="2023-08-05T13:21:43 UTC" duration-ms="3753" status="PASS">
          <reporter-output>
          </reporter-output>
        </test-method> <!-- beforeTest -->
        <test-method signature="testcase_1()[pri:0, instance:com.example.FirstTest@32eff876]" started-at="2023-08-05T13:21:43 UTC" name="testcase_1" finished-at="2023-08-05T13:21:45 UTC" duration-ms="2331" status="PASS">
          <reporter-output>
          </reporter-output>
        </test-method> <!-- testcase_1 -->
        <test-method signature="testcase_2()[pri:0, instance:com.example.FirstTest@32eff876]" started-at="2023-08-05T13:21:45 UTC" name="testcase_2" finished-at="2023-08-05T13:21:46 UTC" duration-ms="814" status="PASS">
          <reporter-output>
          </reporter-output>
        </test-method> <!-- testcase_2 -->
        <test-method signature="testcase_3()[pri:0, instance:com.example.FirstTest@32eff876]" started-at="2023-08-05T13:21:46 UTC" name="testcase_3" finished-at="2023-08-05T13:21:47 UTC" duration-ms="561" status="PASS">
          <reporter-output>
          </reporter-output>
        </test-method> <!-- testcase_3 -->
        <test-method is-config="true" signature="afterTest()[pri:0, instance:com.example.FirstTest@32eff876]" started-at="2023-08-05T13:21:47 UTC" name="afterTest" finished-at="2023-08-05T13:21:47 UTC" duration-ms="264" status="PASS">
          <reporter-output>
          </reporter-output>
        </test-method> <!-- afterTest -->
      </class> <!-- com.example.FirstTest -->
    </test> <!-- Simple Test -->
  </suite> <!-- Example test run -->
</testng-results>
