<?xml version="1.0" encoding="UTF-8"?>
<testng-results ignored="0" total="0" passed="0" failed="0" skipped="0">
  <reporter-output>
  </reporter-output>
  <suite started-at="2023-08-05T12:45:55 UTC" name="com.example.AppTest" finished-at="2023-08-05T12:45:55 UTC" duration-ms="25">
    <groups>
    </groups>
    <test started-at="2023-08-05T12:45:55 UTC" name="Command line test" finished-at="2023-08-05T12:45:55 UTC" duration-ms="25">
    </test> <!-- Command line test -->
  </suite> <!-- com.example.AppTest -->
</testng-results>
